mode: set
github.com/leeliwei930/notion_sdk/actions/create_database.go:21.83,24.30 2 1
github.com/leeliwei930/notion_sdk/actions/create_database.go:27.2,38.16 3 1
github.com/leeliwei930/notion_sdk/actions/create_database.go:42.2,42.24 1 1
github.com/leeliwei930/notion_sdk/actions/create_database.go:48.2,48.28 1 1
github.com/leeliwei930/notion_sdk/actions/create_database.go:24.30,26.3 1 0
github.com/leeliwei930/notion_sdk/actions/create_database.go:38.16,40.3 1 0
github.com/leeliwei930/notion_sdk/actions/create_database.go:42.24,46.3 3 1
github.com/leeliwei930/notion_sdk/actions/create_database.go:52.71,53.42 1 0
github.com/leeliwei930/notion_sdk/actions/create_database.go:53.42,55.3 1 0
github.com/leeliwei930/notion_sdk/actions/create_database.go:58.77,59.42 1 0
github.com/leeliwei930/notion_sdk/actions/create_database.go:59.42,61.3 1 0
github.com/leeliwei930/notion_sdk/actions/create_database.go:64.69,65.42 1 0
github.com/leeliwei930/notion_sdk/actions/create_database.go:65.42,67.3 1 0
github.com/leeliwei930/notion_sdk/actions/create_database.go:70.67,71.42 1 0
github.com/leeliwei930/notion_sdk/actions/create_database.go:71.42,73.3 1 0
github.com/leeliwei930/notion_sdk/actions/create_database.go:76.100,77.42 1 0
github.com/leeliwei930/notion_sdk/actions/create_database.go:77.42,79.3 1 0
github.com/leeliwei930/notion_sdk/actions/create_page.go:20.69,23.30 2 1
github.com/leeliwei930/notion_sdk/actions/create_page.go:26.2,37.16 3 1
github.com/leeliwei930/notion_sdk/actions/create_page.go:40.2,40.24 1 1
github.com/leeliwei930/notion_sdk/actions/create_page.go:46.2,46.24 1 1
github.com/leeliwei930/notion_sdk/actions/create_page.go:23.30,25.3 1 0
github.com/leeliwei930/notion_sdk/actions/create_page.go:37.16,39.3 1 0
github.com/leeliwei930/notion_sdk/actions/create_page.go:40.24,45.3 3 1
github.com/leeliwei930/notion_sdk/actions/create_page.go:49.65,50.45 1 0
github.com/leeliwei930/notion_sdk/actions/create_page.go:50.45,52.3 1 0
github.com/leeliwei930/notion_sdk/actions/create_page.go:55.82,56.45 1 0
github.com/leeliwei930/notion_sdk/actions/create_page.go:56.45,58.3 1 0
github.com/leeliwei930/notion_sdk/actions/create_page.go:61.66,62.45 1 0
github.com/leeliwei930/notion_sdk/actions/create_page.go:62.45,64.3 1 0
github.com/leeliwei930/notion_sdk/actions/create_page.go:67.55,68.45 1 0
github.com/leeliwei930/notion_sdk/actions/create_page.go:68.45,70.3 1 0
github.com/leeliwei930/notion_sdk/actions/create_page.go:73.57,74.45 1 0
github.com/leeliwei930/notion_sdk/actions/create_page.go:74.45,76.3 1 0
